<?xml version="1.0" encoding="UTF-8"?>
<!-- Generated by org.testng.reporters.JUnitXMLReporter -->
<testsuite hostname="OCUCOPC0918" name="Regression Test" tests="2" failures="0" timestamp="9 Apr 2023 05:49:48 GMT" time="9.656" errors="0">
  <testcase name="feature" time="0.0" classname="com.cucumberFramework.testRunner.TestRunner1">
    <skipped/>
  </testcase> <!-- feature -->
  <testcase name="feature" time="9.292" classname="com.cucumberFramework.testRunner.TestRunner2"/>
</testsuite> <!-- Regression Test -->
