<?xml version="1.0" encoding="UTF-8"?>
<testng-results skipped="0" failed="0" total="1" passed="1">
  <reporter-output>
  </reporter-output>
  <suite name="BDD Test Suite" duration-ms="15292" started-at="2023-04-09T18:19:31Z" finished-at="2023-04-09T18:19:46Z">
    <groups>
      <group name="cucumber">
        <method signature="TestRunner1.feature(cucumber.api.testng.CucumberFeatureWrapper)[pri:0, instance:com.cucumberFramework.testRunner.TestRunner1@36f6e879]" name="feature" class="com.cucumberFramework.testRunner.TestRunner1"/>
      </group> <!-- cucumber -->
    </groups>
    <test name="Regression Test" duration-ms="15292" started-at="2023-04-09T18:19:31Z" finished-at="2023-04-09T18:19:46Z">
      <class name="com.cucumberFramework.testRunner.TestRunner1">
        <test-method status="PASS" signature="setUpClass()[pri:0, instance:com.cucumberFramework.testRunner.TestRunner1@36f6e879]" name="setUpClass" is-config="true" duration-ms="201" started-at="2023-04-09T19:19:31Z" finished-at="2023-04-09T19:19:31Z">
          <reporter-output>
          </reporter-output>
        </test-method> <!-- setUpClass -->
        <test-method status="PASS" signature="feature(cucumber.api.testng.CucumberFeatureWrapper)[pri:0, instance:com.cucumberFramework.testRunner.TestRunner1@36f6e879]" name="feature" duration-ms="14989" started-at="2023-04-09T19:19:31Z" description="Runs cucmber Features" data-provider="features" finished-at="2023-04-09T19:19:46Z">
          <params>
            <param index="0">
              <value>
                <![CDATA[As a demo web user if i enter correct data i should be able to login correctly]]>
              </value>
            </param>
          </params>
          <reporter-output>
          </reporter-output>
        </test-method> <!-- feature -->
        <test-method status="PASS" signature="testDownClass()[pri:0, instance:com.cucumberFramework.testRunner.TestRunner1@36f6e879]" name="testDownClass" is-config="true" duration-ms="31" started-at="2023-04-09T19:19:46Z" finished-at="2023-04-09T19:19:46Z">
          <reporter-output>
          </reporter-output>
        </test-method> <!-- testDownClass -->
      </class> <!-- com.cucumberFramework.testRunner.TestRunner1 -->
    </test> <!-- Regression Test -->
  </suite> <!-- BDD Test Suite -->
</testng-results>
