<?xml version="1.0" encoding="UTF-8"?>
<testng-results skipped="0" failed="1" total="1" passed="0">
  <reporter-output>
  </reporter-output>
  <suite name="Default suite" duration-ms="66416" started-at="2020-11-30T17:21:25Z" finished-at="2020-11-30T17:22:32Z">
    <groups>
      <group name="cucumber">
        <method signature="TestRunner1.feature(cucumber.api.testng.CucumberFeatureWrapper)[pri:0, instance:com.cucumberFramework.testRunner.TestRunner1@2f686d1f]" name="feature" class="com.cucumberFramework.testRunner.TestRunner1"/>
      </group> <!-- cucumber -->
    </groups>
    <test name="Default test" duration-ms="66416" started-at="2020-11-30T17:21:25Z" finished-at="2020-11-30T17:22:32Z">
      <class name="com.cucumberFramework.testRunner.TestRunner1">
        <test-method status="PASS" signature="setUpClass()[pri:0, instance:com.cucumberFramework.testRunner.TestRunner1@2f686d1f]" name="setUpClass" is-config="true" duration-ms="186" started-at="2020-11-30T17:21:25Z" finished-at="2020-11-30T17:21:26Z">
          <reporter-output>
          </reporter-output>
        </test-method> <!-- setUpClass -->
        <test-method status="FAIL" signature="feature(cucumber.api.testng.CucumberFeatureWrapper)[pri:0, instance:com.cucumberFramework.testRunner.TestRunner1@2f686d1f]" name="feature" duration-ms="66149" started-at="2020-11-30T17:21:26Z" description="Runs cucmber Features" data-provider="features" finished-at="2020-11-30T17:22:32Z">
          <params>
            <param index="0">
              <value>
                <![CDATA[As a Ryanair user I login, attempt to make book a flight and payment is declined]]>
              </value>
            </param>
          </params>
          <exception class="cucumber.runtime.CucumberException">
            <message>
              <![CDATA[junit.framework.AssertionFailedError: Unable to wait and click on the WebElement, using locator: <[[ChromeDriver: chrome on XP (93d68208f487cc7b0b3aa677a85ef390)] -> xpath: (//div[@class='_label'])[2]]]]><![CDATA[>junit.framework.AssertionFailedError: Unable to wait and click on the WebElement, using locator: <[[ChromeDriver: chrome on XP (93d68208f487cc7b0b3aa677a85ef390)] -> xpath: (//div[@class='_label'])[2]]><![CDATA[]]]]><![CDATA[>]]>
            </message>
            <full-stacktrace>
              <![CDATA[cucumber.runtime.CucumberException: junit.framework.AssertionFailedError: Unable to wait and click on the WebElement, using locator: <[[ChromeDriver: chrome on XP (93d68208f487cc7b0b3aa677a85ef390)] -> xpath: (//div[@class='_label'])[2]]]]><![CDATA[>
	at cucumber.api.testng.TestNGCucumberRunner.runCucumber(TestNGCucumberRunner.java:69)
	at com.cucumberFramework.testRunner.TestRunner1.feature(TestRunner1.java:27)
	at sun.reflect.NativeMethodAccessorImpl.invoke0(Native Method)
	at sun.reflect.NativeMethodAccessorImpl.invoke(NativeMethodAccessorImpl.java:62)
	at sun.reflect.DelegatingMethodAccessorImpl.invoke(DelegatingMethodAccessorImpl.java:43)
	at java.lang.reflect.Method.invoke(Method.java:498)
	at org.testng.internal.MethodInvocationHelper.invokeMethod(MethodInvocationHelper.java:86)
	at org.testng.internal.Invoker.invokeMethod(Invoker.java:643)
	at org.testng.internal.Invoker.invokeTestMethod(Invoker.java:820)
	at org.testng.internal.Invoker.invokeTestMethods(Invoker.java:1128)
	at org.testng.internal.TestMethodWorker.invokeTestMethods(TestMethodWorker.java:129)
	at org.testng.internal.TestMethodWorker.run(TestMethodWorker.java:112)
	at org.testng.TestRunner.privateRun(TestRunner.java:782)
	at org.testng.TestRunner.run(TestRunner.java:632)
	at org.testng.SuiteRunner.runTest(SuiteRunner.java:366)
	at org.testng.SuiteRunner.runSequentially(SuiteRunner.java:361)
	at org.testng.SuiteRunner.privateRun(SuiteRunner.java:319)
	at org.testng.SuiteRunner.run(SuiteRunner.java:268)
	at org.testng.SuiteRunnerWorker.runSuite(SuiteRunnerWorker.java:52)
	at org.testng.SuiteRunnerWorker.run(SuiteRunnerWorker.java:86)
	at org.testng.TestNG.runSuitesSequentially(TestNG.java:1244)
	at org.testng.TestNG.runSuitesLocally(TestNG.java:1169)
	at org.testng.TestNG.run(TestNG.java:1064)
	at org.testng.remote.AbstractRemoteTestNG.run(AbstractRemoteTestNG.java:115)
	at org.testng.remote.RemoteTestNG.initAndRun(RemoteTestNG.java:251)
	at org.testng.remote.RemoteTestNG.main(RemoteTestNG.java:77)
Caused by: junit.framework.AssertionFailedError: Unable to wait and click on the WebElement, using locator: <[[ChromeDriver: chrome on XP (93d68208f487cc7b0b3aa677a85ef390)] -> xpath: (//div[@class='_label'])[2]]]]><![CDATA[>
	at junit.framework.Assert.fail(Assert.java:57)
	at com.cucumberFramework.helper.SeleniumUtils.waitAndClickElement(SeleniumUtils.java:64)
	at com.cucumberFramework.pageObjects.ContactDetailsPage.enterPhoneNumberAndUnCheckBoxes(ContactDetailsPage.java:146)
	at com.cucumberFramework.pageObjects.ContactDetailsPage.enterCardDetailsAndClickPayNow(ContactDetailsPage.java:102)
	at com.cucumberFramework.stepdefinitions.RyanAirProjectStepDefinitions.IPayForBookingWithCardDetails(RyanAirProjectStepDefinitions.java:55)
	at ✽.When I pay for booking with card details "5555 5555 5555 5557" , 10/21 and "265"(src/test/resources/features/ryanair/ryanair_payment_test.feature:5)
]]>
            </full-stacktrace>
          </exception> <!-- cucumber.runtime.CucumberException -->
          <reporter-output>
          </reporter-output>
        </test-method> <!-- feature -->
        <test-method status="PASS" signature="testDownClass()[pri:0, instance:com.cucumberFramework.testRunner.TestRunner1@2f686d1f]" name="testDownClass" is-config="true" duration-ms="11" started-at="2020-11-30T17:22:32Z" finished-at="2020-11-30T17:22:32Z">
          <reporter-output>
          </reporter-output>
        </test-method> <!-- testDownClass -->
      </class> <!-- com.cucumberFramework.testRunner.TestRunner1 -->
    </test> <!-- Default test -->
  </suite> <!-- Default suite -->
</testng-results>
